modal :: txt
Q1 - 1045201614
HNSWp precision@01: 0.0
HNSWp precision@05: 0.4
HNSWp precision@10: 0.7
HNSWBp precision@01: 0.0
HNSWBp precision@05: 0.2
HNSWBp precision@10: 0.7
HNSWr recall@01: 0.0
HNSWr recall@05: 0.2
HNSWr recall@10: 0.7
HNSWBr recall@01: 0.0
HNSWBr recall@05: 0.1
HNSWBr recall@10: 0.7
Q2 - 1045225950
HNSWp precision@01: 1.0
HNSWp precision@05: 0.8
HNSWp precision@10: 0.7
HNSWBp precision@01: 1.0
HNSWBp precision@05: 0.8
HNSWBp precision@10: 0.9
HNSWr recall@01: 0.1
HNSWr recall@05: 0.4
HNSWr recall@10: 0.7
HNSWBr recall@01: 0.1
HNSWBr recall@05: 0.4
HNSWBr recall@10: 0.9
Q3 - 1045273915
HNSWp precision@01: 0.0
HNSWp precision@05: 0.4
HNSWp precision@10: 0.6
HNSWBp precision@01: 1.0
HNSWBp precision@05: 1.0
HNSWBp precision@10: 1.0
HNSWr recall@01: 0.0
HNSWr recall@05: 0.2
HNSWr recall@10: 0.6
HNSWBr recall@01: 0.1
HNSWBr recall@05: 0.5
HNSWBr recall@10: 1.0
Q4 - 1045248945
HNSWp precision@01: 1.0
HNSWp precision@05: 1.0
HNSWp precision@10: 1.0
HNSWBp precision@01: 1.0
HNSWBp precision@05: 1.0
HNSWBp precision@10: 1.0
HNSWr recall@01: 0.1
HNSWr recall@05: 0.5
HNSWr recall@10: 1.0
HNSWBr recall@01: 0.1
HNSWBr recall@05: 0.5
HNSWBr recall@10: 1.0
Q5 - 1045241481
HNSWp precision@01: 1.0
HNSWp precision@05: 0.8
HNSWp precision@10: 0.9
HNSWBp precision@01: 1.0
HNSWBp precision@05: 1.0
HNSWBp precision@10: 1.0
HNSWr recall@01: 0.1
HNSWr recall@05: 0.4
HNSWr recall@10: 0.9
HNSWBr recall@01: 0.1
HNSWBr recall@05: 0.5
HNSWBr recall@10: 1.0
Q6 - 1045240553
HNSWp precision@01: 1.0
HNSWp precision@05: 0.8
HNSWp precision@10: 0.9
HNSWBp precision@01: 1.0
HNSWBp precision@05: 1.0
HNSWBp precision@10: 1.0
HNSWr recall@01: 0.1
HNSWr recall@05: 0.4
HNSWr recall@10: 0.9
HNSWBr recall@01: 0.1
HNSWBr recall@05: 0.5
HNSWBr recall@10: 1.0
Q7 - 1045172735
HNSWp precision@01: 1.0
HNSWp precision@05: 1.0
HNSWp precision@10: 1.0
HNSWBp precision@01: 1.0
HNSWBp precision@05: 1.0
HNSWBp precision@10: 1.0
HNSWr recall@01: 0.1
HNSWr recall@05: 0.5
HNSWr recall@10: 1.0
HNSWBr recall@01: 0.1
HNSWBr recall@05: 0.5
HNSWBr recall@10: 1.0
Q8 - 1045216835
HNSWp precision@01: 1.0
HNSWp precision@05: 0.8
HNSWp precision@10: 0.9
HNSWBp precision@01: 1.0
HNSWBp precision@05: 1.0
HNSWBp precision@10: 1.0
HNSWr recall@01: 0.1
HNSWr recall@05: 0.4
HNSWr recall@10: 0.9
HNSWBr recall@01: 0.1
HNSWBr recall@05: 0.5
HNSWBr recall@10: 1.0
Q9 - 1045520776
HNSWp precision@01: 1.0
HNSWp precision@05: 1.0
HNSWp precision@10: 1.0
HNSWBp precision@01: 1.0
HNSWBp precision@05: 1.0
HNSWBp precision@10: 1.0
HNSWr recall@01: 0.1
HNSWr recall@05: 0.5
HNSWr recall@10: 1.0
HNSWBr recall@01: 0.1
HNSWBr recall@05: 0.5
HNSWBr recall@10: 1.0
Q10 - 1045289606
HNSWp precision@01: 1.0
HNSWp precision@05: 1.0
HNSWp precision@10: 0.8
HNSWBp precision@01: 1.0
HNSWBp precision@05: 1.0
HNSWBp precision@10: 1.0
HNSWr recall@01: 0.1
HNSWr recall@05: 0.5
HNSWr recall@10: 0.8
HNSWBr recall@01: 0.1
HNSWBr recall@05: 0.5
HNSWBr recall@10: 1.0
Q11 - 1040887766
HNSWp precision@01: 1.0
HNSWp precision@05: 1.0
HNSWp precision@10: 0.9
HNSWBp precision@01: 1.0
HNSWBp precision@05: 1.0
HNSWBp precision@10: 0.9
HNSWr recall@01: 0.1
HNSWr recall@05: 0.5
HNSWr recall@10: 0.9
HNSWBr recall@01: 0.1
HNSWBr recall@05: 0.5
HNSWBr recall@10: 0.9
Q12 - 1042024485
HNSWp precision@01: 1.0
HNSWp precision@05: 1.0
HNSWp precision@10: 1.0
HNSWBp precision@01: 1.0
HNSWBp precision@05: 1.0
HNSWBp precision@10: 1.0
HNSWr recall@01: 0.1
HNSWr recall@05: 0.5
HNSWr recall@10: 1.0
HNSWBr recall@01: 0.1
HNSWBr recall@05: 0.5
HNSWBr recall@10: 1.0
Q13 - 1042793001
HNSWp precision@01: 1.0
HNSWp precision@05: 1.0
HNSWp precision@10: 1.0
HNSWBp precision@01: 1.0
HNSWBp precision@05: 1.0
HNSWBp precision@10: 1.0
HNSWr recall@01: 0.1
HNSWr recall@05: 0.5
HNSWr recall@10: 1.0
HNSWBr recall@01: 0.1
HNSWBr recall@05: 0.5
HNSWBr recall@10: 1.0
Q14 - 1039791767
HNSWp precision@01: 1.0
HNSWp precision@05: 1.0
HNSWp precision@10: 1.0
HNSWBp precision@01: 1.0
HNSWBp precision@05: 1.0
HNSWBp precision@10: 1.0
HNSWr recall@01: 0.1
HNSWr recall@05: 0.5
HNSWr recall@10: 1.0
HNSWBr recall@01: 0.1
HNSWBr recall@05: 0.5
HNSWBr recall@10: 1.0
Q15 - 1047061268
HNSWp precision@01: 1.0
HNSWp precision@05: 1.0
HNSWp precision@10: 0.9
HNSWBp precision@01: 1.0
HNSWBp precision@05: 1.0
HNSWBp precision@10: 0.7
HNSWr recall@01: 0.1
HNSWr recall@05: 0.5
HNSWr recall@10: 0.9
HNSWBr recall@01: 0.1
HNSWBr recall@05: 0.5
HNSWBr recall@10: 0.7
Q16 - 1045505493
HNSWp precision@01: 1.0
HNSWp precision@05: 1.0
HNSWp precision@10: 1.0
HNSWBp precision@01: 1.0
HNSWBp precision@05: 1.0
HNSWBp precision@10: 0.9
HNSWr recall@01: 0.1
HNSWr recall@05: 0.5
HNSWr recall@10: 1.0
HNSWBr recall@01: 0.1
HNSWBr recall@05: 0.5
HNSWBr recall@10: 0.9
Q17 - 1050169244
HNSWp precision@01: 1.0
HNSWp precision@05: 1.0
HNSWp precision@10: 1.0
HNSWBp precision@01: 1.0
HNSWBp precision@05: 1.0
HNSWBp precision@10: 1.0
HNSWr recall@01: 0.1
HNSWr recall@05: 0.5
HNSWr recall@10: 1.0
HNSWBr recall@01: 0.1
HNSWBr recall@05: 0.5
HNSWBr recall@10: 1.0
Q18 - 1041169090
HNSWp precision@01: 1.0
HNSWp precision@05: 1.0
HNSWp precision@10: 1.0
HNSWBp precision@01: 1.0
HNSWBp precision@05: 1.0
HNSWBp precision@10: 1.0
HNSWr recall@01: 0.1
HNSWr recall@05: 0.5
HNSWr recall@10: 1.0
HNSWBr recall@01: 0.1
HNSWBr recall@05: 0.5
HNSWBr recall@10: 1.0
Q19 - 1045677133
HNSWp precision@01: 1.0
HNSWp precision@05: 1.0
HNSWp precision@10: 1.0
HNSWBp precision@01: 1.0
HNSWBp precision@05: 1.0
HNSWBp precision@10: 1.0
HNSWr recall@01: 0.1
HNSWr recall@05: 0.5
HNSWr recall@10: 1.0
HNSWBr recall@01: 0.1
HNSWBr recall@05: 0.5
HNSWBr recall@10: 1.0
Q20 - 1051095768
HNSWp precision@01: 1.0
HNSWp precision@05: 1.0
HNSWp precision@10: 1.0
HNSWBp precision@01: 1.0
HNSWBp precision@05: 0.8
HNSWBp precision@10: 0.9
HNSWr recall@01: 0.1
HNSWr recall@05: 0.5
HNSWr recall@10: 1.0
HNSWBr recall@01: 0.1
HNSWBr recall@05: 0.4
HNSWBr recall@10: 0.9
modal :: img
Q1 - 1045201614
skipping => image does not exist
Q2 - 1045225950
skipping => image does not exist
Q3 - 1045273915
skipping => image does not exist
Q4 - 1045248945
skipping => image does not exist
Q5 - 1045241481
skipping => image does not exist
Q6 - 1045240553
skipping => image does not exist
Q7 - 1045172735
skipping => image does not exist
Q8 - 1045216835
skipping => image does not exist
Q9 - 1045520776
skipping => image does not exist
Q10 - 1045289606
skipping => image does not exist
Q11 - 1040887766
HNSWp precision@01: 1.0
HNSWp precision@05: 1.0
HNSWp precision@10: 1.0
HNSWBp precision@01: 1.0
HNSWBp precision@05: 1.0
HNSWBp precision@10: 1.0
HNSWr recall@01: 0.1
HNSWr recall@05: 0.5
HNSWr recall@10: 1.0
HNSWBr recall@01: 0.1
HNSWBr recall@05: 0.5
HNSWBr recall@10: 1.0
Q12 - 1042024485
HNSWp precision@01: 1.0
HNSWp precision@05: 1.0
HNSWp precision@10: 1.0
HNSWBp precision@01: 1.0
HNSWBp precision@05: 1.0
HNSWBp precision@10: 1.0
HNSWr recall@01: 0.1
HNSWr recall@05: 0.5
HNSWr recall@10: 1.0
HNSWBr recall@01: 0.1
HNSWBr recall@05: 0.5
HNSWBr recall@10: 1.0
Q13 - 1042793001
HNSWp precision@01: 1.0
HNSWp precision@05: 1.0
HNSWp precision@10: 1.0
HNSWBp precision@01: 1.0
HNSWBp precision@05: 1.0
HNSWBp precision@10: 0.9
HNSWr recall@01: 0.1
HNSWr recall@05: 0.5
HNSWr recall@10: 1.0
HNSWBr recall@01: 0.1
HNSWBr recall@05: 0.5
HNSWBr recall@10: 0.9
Q14 - 1039791767
HNSWp precision@01: 1.0
HNSWp precision@05: 1.0
HNSWp precision@10: 1.0
HNSWBp precision@01: 1.0
HNSWBp precision@05: 1.0
HNSWBp precision@10: 1.0
HNSWr recall@01: 0.1
HNSWr recall@05: 0.5
HNSWr recall@10: 1.0
HNSWBr recall@01: 0.1
HNSWBr recall@05: 0.5
HNSWBr recall@10: 1.0
Q15 - 1047061268
HNSWp precision@01: 1.0
HNSWp precision@05: 1.0
HNSWp precision@10: 1.0
HNSWBp precision@01: 1.0
HNSWBp precision@05: 1.0
HNSWBp precision@10: 1.0
HNSWr recall@01: 0.1
HNSWr recall@05: 0.5
HNSWr recall@10: 1.0
HNSWBr recall@01: 0.1
HNSWBr recall@05: 0.5
HNSWBr recall@10: 1.0
Q16 - 1045505493
HNSWp precision@01: 1.0
HNSWp precision@05: 1.0
HNSWp precision@10: 1.0
HNSWBp precision@01: 1.0
HNSWBp precision@05: 1.0
HNSWBp precision@10: 1.0
HNSWr recall@01: 0.1
HNSWr recall@05: 0.5
HNSWr recall@10: 1.0
HNSWBr recall@01: 0.1
HNSWBr recall@05: 0.5
HNSWBr recall@10: 1.0
Q17 - 1050169244
HNSWp precision@01: 1.0
HNSWp precision@05: 1.0
HNSWp precision@10: 0.9
HNSWBp precision@01: 1.0
HNSWBp precision@05: 1.0
HNSWBp precision@10: 1.0
HNSWr recall@01: 0.1
HNSWr recall@05: 0.5
HNSWr recall@10: 0.9
HNSWBr recall@01: 0.1
HNSWBr recall@05: 0.5
HNSWBr recall@10: 1.0
Q18 - 1041169090
HNSWp precision@01: 1.0
HNSWp precision@05: 1.0
HNSWp precision@10: 1.0
HNSWBp precision@01: 1.0
HNSWBp precision@05: 0.8
HNSWBp precision@10: 0.9
HNSWr recall@01: 0.1
HNSWr recall@05: 0.5
HNSWr recall@10: 1.0
HNSWBr recall@01: 0.1
HNSWBr recall@05: 0.4
HNSWBr recall@10: 0.9
Q19 - 1045677133
HNSWp precision@01: 1.0
HNSWp precision@05: 1.0
HNSWp precision@10: 1.0
HNSWBp precision@01: 1.0
HNSWBp precision@05: 1.0
HNSWBp precision@10: 1.0
HNSWr recall@01: 0.1
HNSWr recall@05: 0.5
HNSWr recall@10: 1.0
HNSWBr recall@01: 0.1
HNSWBr recall@05: 0.5
HNSWBr recall@10: 1.0
Q20 - 1051095768
HNSWp precision@01: 1.0
HNSWp precision@05: 1.0
HNSWp precision@10: 1.0
HNSWBp precision@01: 1.0
HNSWBp precision@05: 1.0
HNSWBp precision@10: 0.9
HNSWr recall@01: 0.1
HNSWr recall@05: 0.5
HNSWr recall@10: 1.0
HNSWBr recall@01: 0.1
HNSWBr recall@05: 0.5
HNSWBr recall@10: 0.9